2023-04-02 23:22:14.122381 - Initialized conversion of CBT313
2023-04-02 23:22:15.165110 - Received SBGOLOB.CBT505.FILE313 from FILE313.XMI 
2023-04-02 23:22:15.168324 - Found $$$#DATE.txt (text/plain) in SBGOLOB.CBT505.FILE313, moved to FILE313/$$$#DATE
2023-04-02 23:22:15.169590 - Found $DOC.txt (text/plain) in SBGOLOB.CBT505.FILE313, moved to FILE313/$DOC
2023-04-02 23:22:15.170783 - Found $SOFTPUB.txt (text/plain) in SBGOLOB.CBT505.FILE313, moved to FILE313/$SOFTPUB
2023-04-02 23:22:15.172121 - Found @FILE313.txt (text/plain) in SBGOLOB.CBT505.FILE313, moved to FILE313/@FILE313
2023-04-02 23:22:15.172130 - Found SAVELAB.x-mp4a-latm containing audio/x-mp4a-latm, moved to FILE313/SAVELAB
2023-04-02 23:22:15.230362 - Found SDSFEXT.xmi (application/xmit) in SBGOLOB.CBT505.FILE313
2023-04-02 23:22:15.242472   - Received to CBT313/SDSFEXT.PDS
2023-04-02 23:22:15.244624 - De-xmi-ed SDSFEXT# to CBT313/docs/SDSFEXT#.pdf
2023-04-02 23:22:15.246432 - De-xmi-ed SDSFEXT@ to CBT313/docs/SDSFEXT@.doc
2023-04-02 23:22:15.247443 - Found SDSFEXTC.txt (text/plain) in SBGOLOB.CBT505.FILE313, moved to FILE313/SDSFEXTC
2023-04-02 23:22:15.248373 - Found SDSFPA$$.txt (text/plain) in SBGOLOB.CBT505.FILE313, moved to FILE313/SDSFPA$$
2023-04-02 23:22:15.249258 - Found SDSFPAG$.txt (text/plain) in SBGOLOB.CBT505.FILE313, moved to FILE313/SDSFPAG$
2023-04-02 23:22:15.251588 - De-xmi-ed SDSFPAG# to CBT313/docs/SDSFPAG#.pdf
2023-04-02 23:22:15.254747 - De-xmi-ed SDSFPAG@ to CBT313/docs/SDSFPAG@.doc
2023-04-02 23:22:15.254817 - Found SDSFPAGE.x-mp4a-latm containing audio/x-mp4a-latm, moved to FILE313/SDSFPAGE
2023-04-02 23:22:15.256101 - Found SDSFP119.x-mp4a-latm containing audio/x-mp4a-latm, moved to FILE313/SDSFP119
2023-04-02 23:22:15.258951 - De-xmi-ed SDSFP19# to CBT313/docs/SDSFP19#.pdf
2023-04-02 23:22:15.289590 - Found SDSFXDD.xmi (application/xmit) in SBGOLOB.CBT505.FILE313
2023-04-02 23:22:15.296365   - Received to CBT313/SDSFXDD.PDS
2023-04-02 23:22:15.390353 - Found SETCLIP.xmi (application/xmit) in SBGOLOB.CBT505.FILE313
2023-04-02 23:22:15.405713   - Received to CBT313/SETCLIP.PDS
2023-04-02 23:22:15.408580 - De-xmi-ed SETCLIP# to CBT313/docs/SETCLIP#.pdf
2023-04-02 23:22:15.410667 - De-xmi-ed SETCLIP@ to CBT313/docs/SETCLIP@.docx
2023-04-02 23:22:15.413215 - De-xmi-ed SETCLIPP to CBT313/docs/SETCLIPP.pptx
2023-04-02 23:22:15.449567 - Found SHAREVAR.xmi (application/xmit) in SBGOLOB.CBT505.FILE313
2023-04-02 23:22:15.458391   - Received to CBT313/SHAREVAR.PDS
2023-04-02 23:22:15.458493 - Found SLM.x-mp4a-latm containing audio/x-mp4a-latm, moved to FILE313/SLM
2023-04-02 23:22:15.461407 - Found SLM$.txt (text/plain) in SBGOLOB.CBT505.FILE313, moved to FILE313/SLM$
2023-04-02 23:22:15.464603 - De-xmi-ed SLM# to CBT313/docs/SLM#.pdf
2023-04-02 23:22:15.467099 - De-xmi-ed SLM@ to CBT313/docs/SLM@.doc
2023-04-02 23:22:15.468235 - Found SLMCHANG.txt (text/plain) in SBGOLOB.CBT505.FILE313, moved to FILE313/SLMCHANG
2023-04-02 23:22:15.468245 - Found SOFTPUB.x-mp4a-latm containing audio/x-mp4a-latm, moved to FILE313/SOFTPUB
2023-04-02 23:22:15.476304 - Found SOFTPUB$.txt (text/plain) in SBGOLOB.CBT505.FILE313, moved to FILE313/SOFTPUB$
2023-04-02 23:22:15.476313 - Found SPELLC.x-mp4a-latm containing audio/x-mp4a-latm, moved to FILE313/SPELLC
2023-04-02 23:22:15.479022 - Found SPELLC$.txt (text/plain) in SBGOLOB.CBT505.FILE313, moved to FILE313/SPELLC$
2023-04-02 23:22:15.480134 - Found SPELLC$#.txt (text/plain) in SBGOLOB.CBT505.FILE313, moved to FILE313/SPELLC$#
2023-04-02 23:22:15.481214 - Found SPELLCHG.txt (text/plain) in SBGOLOB.CBT505.FILE313, moved to FILE313/SPELLCHG
2023-04-02 23:22:15.482270 - Found SYNCFTP.rexx (text/plain) in SBGOLOB.CBT505.FILE313, moved to FILE313/SYNCFTP
2023-04-02 23:22:15.482281 - Found TERSE.x-mp4a-latm containing audio/x-mp4a-latm, moved to FILE313/TERSE
2023-04-02 23:22:15.483343 - Found TMAILQRY.x-mp4a-latm containing audio/x-mp4a-latm, moved to FILE313/TMAILQRY
2023-04-02 23:22:15.521004 - Found TRYIT.xmi (application/xmit) in SBGOLOB.CBT505.FILE313
2023-04-02 23:22:15.530577   - Received to CBT313/TRYIT.PDS
2023-04-02 23:22:15.531933 - Found TRYIT$.txt (text/plain) in SBGOLOB.CBT505.FILE313, moved to FILE313/TRYIT$
2023-04-02 23:22:15.531947 - Found TSOEMAIL.x-mp4a-latm containing audio/x-mp4a-latm, moved to FILE313/TSOEMAIL
2023-04-02 23:22:15.536409 - Found TSOPROF.rexx (text/plain) in SBGOLOB.CBT505.FILE313, moved to FILE313/TSOPROF
2023-04-02 23:22:15.537424 - Found TSOTRAP.rexx (text/plain) in SBGOLOB.CBT505.FILE313, moved to FILE313/TSOTRAP
2023-04-02 23:22:15.538323 - Found TSO8CHAR.rexx (text/plain) in SBGOLOB.CBT505.FILE313, moved to FILE313/TSO8CHAR
2023-04-02 23:22:15.539264 - Found TUTORPRT.rexx (text/plain) in SBGOLOB.CBT505.FILE313, moved to FILE313/TUTORPRT
2023-04-02 23:22:15.595707 - Found TXT2CSV.xmi (application/xmit) in SBGOLOB.CBT505.FILE313
2023-04-02 23:22:15.607137   - Received to CBT313/TXT2CSV.PDS
2023-04-02 23:22:15.656702 - Found TXT2RTF.xmi (application/xmit) in SBGOLOB.CBT505.FILE313
2023-04-02 23:22:15.661448   - Received to CBT313/LIONEL.EXEC
